3D Autoencoder Anomaly Detection | Anomaly labels: ['1', '2', '4'] | Output: ae_brats_results

EVALUATION: Truly Unsupervised Anomaly Detection Results
============================================================
Total test samples: 14950
Normal samples: 10000
Anomalous samples: 4950

TRULY UNSUPERVISED ANOMALY DETECTION PERFORMANCE:
============================================================
ROC AUC:                  0.6946
Average Precision (AP):   0.6083
Matthews Correlation:     0.3453
Dice Similarity Coeff:    0.4027
Balanced Accuracy:        0.6169
F1 Score:                 0.4027
Precision:                0.7825
Recall (Sensitivity):     0.2711
Specificity:              0.9627
Accuracy:                 0.7337
False Positive Rate:      0.0373
False Negative Rate:      0.7289
Threshold Used:           0.023057
============================================================

POST-HOC RECONSTRUCTION ERROR ANALYSIS:
Normal errors    - Mean: 0.011905, Std: 0.005564
Anomaly errors   - Mean: 0.018494, Std: 0.010658
Separation ratio - Anomaly/Normal: 1.554

CONFUSION MATRIX ANALYSIS:
True Negatives (Normal correctly identified):      9627
False Positives (Normal misclassified as anomaly): 373
False Negatives (Anomaly missed):                  3608
True Positives (Anomaly correctly detected):       1342
ERROR: Could not save confusion matrix plot: 
Image export using the "kaleido" engine requires the Kaleido package,
which can be installed using pip:

    $ pip install --upgrade kaleido

Please make sure you have 'plotly' and 'kaleido' installed (`pip install plotly kaleido`).
Creating latent space visualizations...
Computing PCA...
Computing t-SNE...

All visualizations saved to: ae_brats_results

Pipeline completed in 6h 57m 17s. Results saved to: ae_brats_results/evaluation_results.txt
